 generate_time 900.674
 scramble_time 381.89
 encode_time 3605.23
 encode_parallel_time 0.510069
 interleave_time 6082.05
 modulate_time 2105.39
 fft_time 9734.72
 generate_time 915.712
 scramble_time 388.724
 encode_time 3597.15
 encode_parallel_time 1927.11
 interleave_time 6050.82
 modulate_time 2107.42
 fft_time 9577.96
 generate_time 918.081
 scramble_time 397.288
 encode_time 3347.79
 encode_parallel_time 847.586
 interleave_time 6181.8
 modulate_time 2145.93
 fft_time 9735.95
 generate_time 936.42
 scramble_time 413.637
 encode_time 3346.14
 encode_parallel_time 440.368
 interleave_time 6253.08
 modulate_time 2179.03
 fft_time 9890.61
 generate_time 957.78
 scramble_time 433.461
 encode_time 3339.53
 encode_parallel_time 250.356
 interleave_time 6263.05
 modulate_time 2209.43
 fft_time 9973.96
 generate_time 1007.23
 scramble_time 474.516
 encode_time 3342.63
 encode_parallel_time 190.576
 interleave_time 6334.53
 modulate_time 2273.1
 fft_time 10109.8
